<?xml version="1.0" encoding="UTF-8"?>
<testsuites>
  <testsuite name="" tests="35" assertions="235" failures="0" errors="0" time="0.530482">
    <testsuite name="FunctionalTest" file="/home/travis/build/eloquent/pops/test/suite/Eloquent/Pops/FunctionalTest.php" tests="3" assertions="6" failures="0" errors="0" time="0.048879">
      <testcase name="testDocumentationUppercaseProxyObject" class="FunctionalTest" file="/home/travis/build/eloquent/pops/test/suite/Eloquent/Pops/FunctionalTest.php" line="19" assertions="4" time="0.036682"/>
      <testcase name="testDocumentationOutputEscaper" class="FunctionalTest" file="/home/travis/build/eloquent/pops/test/suite/Eloquent/Pops/FunctionalTest.php" line="31" assertions="1" time="0.008846"/>
      <testcase name="testDocumentationCallWithReference" class="FunctionalTest" file="/home/travis/build/eloquent/pops/test/suite/Eloquent/Pops/FunctionalTest.php" line="62" assertions="1" time="0.003351"/>
    </testsuite>
    <testsuite name="Eloquent\Pops\ProxyArrayTest" file="/home/travis/build/eloquent/pops/test/suite/Eloquent/Pops/ProxyArrayTest.php" namespace="Eloquent\Pops" fullPackage="Eloquent.Pops" tests="5" assertions="33" failures="0" errors="0" time="0.168720">
      <testcase name="testConstruct" class="Eloquent\Pops\ProxyArrayTest" file="/home/travis/build/eloquent/pops/test/suite/Eloquent/Pops/ProxyArrayTest.php" line="20" assertions="1" time="0.004199"/>
      <testcase name="testOffsetSetGet" class="Eloquent\Pops\ProxyArrayTest" file="/home/travis/build/eloquent/pops/test/suite/Eloquent/Pops/ProxyArrayTest.php" line="27" assertions="20" time="0.128715"/>
      <testcase name="testCount" class="Eloquent\Pops\ProxyArrayTest" file="/home/travis/build/eloquent/pops/test/suite/Eloquent/Pops/ProxyArrayTest.php" line="84" assertions="1" time="0.004207"/>
      <testcase name="testIterator" class="Eloquent\Pops\ProxyArrayTest" file="/home/travis/build/eloquent/pops/test/suite/Eloquent/Pops/ProxyArrayTest.php" line="91" assertions="8" time="0.025091"/>
      <testcase name="testToString" class="Eloquent\Pops\ProxyArrayTest" file="/home/travis/build/eloquent/pops/test/suite/Eloquent/Pops/ProxyArrayTest.php" line="129" assertions="3" time="0.006508"/>
    </testsuite>
    <testsuite name="Eloquent\Pops\ProxyClassTest" file="/home/travis/build/eloquent/pops/test/suite/Eloquent/Pops/ProxyClassTest.php" namespace="Eloquent\Pops" fullPackage="Eloquent.Pops" tests="6" assertions="48" failures="0" errors="0" time="0.084869">
      <testcase name="testCallStaticFailure" class="Eloquent\Pops\ProxyClassTest" file="/home/travis/build/eloquent/pops/test/suite/Eloquent/Pops/ProxyClassTest.php" line="29" assertions="1" time="0.026203"/>
      <testcase name="testConstruct" class="Eloquent\Pops\ProxyClassTest" file="/home/travis/build/eloquent/pops/test/suite/Eloquent/Pops/ProxyClassTest.php" line="35" assertions="2" time="0.004082"/>
      <testcase name="testCall" class="Eloquent\Pops\ProxyClassTest" file="/home/travis/build/eloquent/pops/test/suite/Eloquent/Pops/ProxyClassTest.php" line="41" assertions="8" time="0.015567"/>
      <testcase name="testPopsCallByReference" class="Eloquent\Pops\ProxyClassTest" file="/home/travis/build/eloquent/pops/test/suite/Eloquent/Pops/ProxyClassTest.php" line="55" assertions="1" time="0.003735"/>
      <testcase name="testSetGet" class="Eloquent\Pops\ProxyClassTest" file="/home/travis/build/eloquent/pops/test/suite/Eloquent/Pops/ProxyClassTest.php" line="64" assertions="16" time="0.011963"/>
      <testcase name="testPopsGenerateStaticClassProxy" class="Eloquent\Pops\ProxyClassTest" file="/home/travis/build/eloquent/pops/test/suite/Eloquent/Pops/ProxyClassTest.php" line="119" assertions="20" time="0.023319"/>
    </testsuite>
    <testsuite name="Eloquent\Pops\ProxyObjectTest" file="/home/travis/build/eloquent/pops/test/suite/Eloquent/Pops/ProxyObjectTest.php" namespace="Eloquent\Pops" fullPackage="Eloquent.Pops" tests="13" assertions="120" failures="0" errors="0" time="0.148587">
      <testcase name="testConstruct" class="Eloquent\Pops\ProxyObjectTest" file="/home/travis/build/eloquent/pops/test/suite/Eloquent/Pops/ProxyObjectTest.php" line="37" assertions="2" time="0.003989"/>
      <testcase name="testConstructFailureObjectType" class="Eloquent\Pops\ProxyObjectTest" file="/home/travis/build/eloquent/pops/test/suite/Eloquent/Pops/ProxyObjectTest.php" line="43" assertions="2" time="0.005565"/>
      <testcase name="testConstructFailureRecursiveType" class="Eloquent\Pops\ProxyObjectTest" file="/home/travis/build/eloquent/pops/test/suite/Eloquent/Pops/ProxyObjectTest.php" line="49" assertions="2" time="0.003812"/>
      <testcase name="testCall" class="Eloquent\Pops\ProxyObjectTest" file="/home/travis/build/eloquent/pops/test/suite/Eloquent/Pops/ProxyObjectTest.php" line="55" assertions="8" time="0.014642"/>
      <testcase name="testPopsCallByReference" class="Eloquent\Pops\ProxyObjectTest" file="/home/travis/build/eloquent/pops/test/suite/Eloquent/Pops/ProxyObjectTest.php" line="69" assertions="1" time="0.003761"/>
      <testcase name="testSetGet" class="Eloquent\Pops\ProxyObjectTest" file="/home/travis/build/eloquent/pops/test/suite/Eloquent/Pops/ProxyObjectTest.php" line="78" assertions="48" time="0.025749"/>
      <testcase name="testOffsetSetGet" class="Eloquent\Pops\ProxyObjectTest" file="/home/travis/build/eloquent/pops/test/suite/Eloquent/Pops/ProxyObjectTest.php" line="198" assertions="31" time="0.034605"/>
      <testcase name="testCount" class="Eloquent\Pops\ProxyObjectTest" file="/home/travis/build/eloquent/pops/test/suite/Eloquent/Pops/ProxyObjectTest.php" line="269" assertions="1" time="0.004811"/>
      <testcase name="testIterator" class="Eloquent\Pops\ProxyObjectTest" file="/home/travis/build/eloquent/pops/test/suite/Eloquent/Pops/ProxyObjectTest.php" line="278" assertions="10" time="0.025205"/>
      <testcase name="testIteratorFailure" class="Eloquent\Pops\ProxyObjectTest" file="/home/travis/build/eloquent/pops/test/suite/Eloquent/Pops/ProxyObjectTest.php" line="336" assertions="1" time="0.003906"/>
      <testcase name="testToString" class="Eloquent\Pops\ProxyObjectTest" file="/home/travis/build/eloquent/pops/test/suite/Eloquent/Pops/ProxyObjectTest.php" line="344" assertions="2" time="0.006674"/>
      <testcase name="testInvoke" class="Eloquent\Pops\ProxyObjectTest" file="/home/travis/build/eloquent/pops/test/suite/Eloquent/Pops/ProxyObjectTest.php" line="360" assertions="10" time="0.011997"/>
      <testcase name="testInvokeFailure" class="Eloquent\Pops\ProxyObjectTest" file="/home/travis/build/eloquent/pops/test/suite/Eloquent/Pops/ProxyObjectTest.php" line="398" assertions="2" time="0.003871"/>
    </testsuite>
    <testsuite name="Eloquent\Pops\ProxyPrimitiveTest" file="/home/travis/build/eloquent/pops/test/suite/Eloquent/Pops/ProxyPrimitiveTest.php" namespace="Eloquent\Pops" fullPackage="Eloquent.Pops" tests="1" assertions="4" failures="0" errors="0" time="0.003848">
      <testcase name="testPrimitive" class="Eloquent\Pops\ProxyPrimitiveTest" file="/home/travis/build/eloquent/pops/test/suite/Eloquent/Pops/ProxyPrimitiveTest.php" line="18" assertions="4" time="0.003848"/>
    </testsuite>
    <testsuite name="Eloquent\Pops\ProxyTest" file="/home/travis/build/eloquent/pops/test/suite/Eloquent/Pops/ProxyTest.php" namespace="Eloquent\Pops" fullPackage="Eloquent.Pops" tests="3" assertions="12" failures="0" errors="0" time="0.036274">
      <testcase name="testProxy" class="Eloquent\Pops\ProxyTest" file="/home/travis/build/eloquent/pops/test/suite/Eloquent/Pops/ProxyTest.php" line="20" assertions="9" time="0.026975"/>
      <testcase name="testProxyClass" class="Eloquent\Pops\ProxyTest" file="/home/travis/build/eloquent/pops/test/suite/Eloquent/Pops/ProxyTest.php" line="44" assertions="1" time="0.005415"/>
      <testcase name="testProxyClassStatic" class="Eloquent\Pops\ProxyTest" file="/home/travis/build/eloquent/pops/test/suite/Eloquent/Pops/ProxyTest.php" line="51" assertions="2" time="0.003884"/>
    </testsuite>
    <testsuite name="Eloquent\Pops\Safe\SafeProxyTest" file="/home/travis/build/eloquent/pops/test/suite/Eloquent/Pops/Safe/SafeProxyTest.php" namespace="Eloquent\Pops\Safe" fullPackage="Eloquent.Pops.Safe" tests="4" assertions="12" failures="0" errors="0" time="0.039305">
      <testcase name="testProxy" class="Eloquent\Pops\Safe\SafeProxyTest" file="/home/travis/build/eloquent/pops/test/suite/Eloquent/Pops/Safe/SafeProxyTest.php" line="26" assertions="9" time="0.022048"/>
      <testcase name="testArrayRecursion" class="Eloquent\Pops\Safe\SafeProxyTest" file="/home/travis/build/eloquent/pops/test/suite/Eloquent/Pops/Safe/SafeProxyTest.php" line="53" assertions="1" time="0.005605"/>
      <testcase name="testObjectRecursion" class="Eloquent\Pops\Safe\SafeProxyTest" file="/home/travis/build/eloquent/pops/test/suite/Eloquent/Pops/Safe/SafeProxyTest.php" line="61" assertions="1" time="0.005243"/>
      <testcase name="testClassRecursion" class="Eloquent\Pops\Safe\SafeProxyTest" file="/home/travis/build/eloquent/pops/test/suite/Eloquent/Pops/Safe/SafeProxyTest.php" line="70" assertions="1" time="0.006409"/>
    </testsuite>
  </testsuite>
</testsuites>
